<?xml version="1.0" encoding="UTF-8"?>
<testsuite xmlns:xsi="http://www.w3.org/2001/XMLSchema-instance" xsi:noNamespaceSchemaLocation="https://maven.apache.org/surefire/maven-surefire-plugin/xsd/surefire-test-report.xsd" name="TestSuite" time="251.092" tests="160" errors="0" skipped="0" failures="0">
  <properties>
[...]
</properties>
  <testcase name="deleteLift" classname="com.qa.selenium.AppTest" time="10.773"/>
  <testcase name="registerAndCreateDoorAndViewWindow" classname="com.qa.selenium.AppTest" time="18.626"/>
  <testcase name="testRevitTitle" classname="com.qa.selenium.AppTest" time="2.39"/>
  <testcase name="updateWindow" classname="com.qa.selenium.AppTest" time="11.463"/>
  <testcase name="constructorWithoutId on constructorWithoutId(com.qa.domain.DoorUnitTest)" classname="com.qa.domain.DoorUnitTest" time="0.001"/>
  <testcase name="checkEqualityBetweenDifferentObjects on checkEqualityBetweenDifferentObjects(com.qa.domain.DoorUnitTest)" classname="com.qa.domain.DoorUnitTest" time="0"/>
  <testcase name="checkEquality on checkEquality(com.qa.domain.DoorUnitTest)" classname="com.qa.domain.DoorUnitTest" time="0.001"/>
  <testcase name="equalsWithNull on equalsWithNull(com.qa.domain.DoorUnitTest)" classname="com.qa.domain.DoorUnitTest" time="0"/>
  <testcase name="emptyConstructor on emptyConstructor(com.qa.domain.DoorUnitTest)" classname="com.qa.domain.DoorUnitTest" time="0"/>
  <testcase name="equalsWithDifferentObject on equalsWithDifferentObject(com.qa.domain.DoorUnitTest)" classname="com.qa.domain.DoorUnitTest" time="0"/>
  <testcase name="doorIdNotEqual on doorIdNotEqual(com.qa.domain.DoorUnitTest)" classname="com.qa.domain.DoorUnitTest" time="0"/>
  <testcase name="hashCodeTest on hashCodeTest(com.qa.domain.DoorUnitTest)" classname="com.qa.domain.DoorUnitTest" time="0"/>
  <testcase name="createDoorWithId on createDoorWithId(com.qa.domain.DoorUnitTest)" classname="com.qa.domain.DoorUnitTest" time="0.001"/>
  <testcase name="hashCodeTestWithNull on hashCodeTestWithNull(com.qa.domain.DoorUnitTest)" classname="com.qa.domain.DoorUnitTest" time="0"/>
  <testcase name="liftIdNotEqual on liftIdNotEqual(com.qa.domain.LiftUnitTest)" classname="com.qa.domain.LiftUnitTest" time="0"/>
  <testcase name="constructorWithoutId on constructorWithoutId(com.qa.domain.LiftUnitTest)" classname="com.qa.domain.LiftUnitTest" time="0"/>
  <testcase name="checkEqualityBetweenDifferentObjects on checkEqualityBetweenDifferentObjects(com.qa.domain.LiftUnitTest)" classname="com.qa.domain.LiftUnitTest" time="0"/>
  <testcase name="checkEquality on checkEquality(com.qa.domain.LiftUnitTest)" classname="com.qa.domain.LiftUnitTest" time="0"/>
  <testcase name="equalsWithNull on equalsWithNull(com.qa.domain.LiftUnitTest)" classname="com.qa.domain.LiftUnitTest" time="0"/>
  <testcase name="emptyConstructor on emptyConstructor(com.qa.domain.LiftUnitTest)" classname="com.qa.domain.LiftUnitTest" time="0"/>
  <testcase name="equalsWithDifferentObject on equalsWithDifferentObject(com.qa.domain.LiftUnitTest)" classname="com.qa.domain.LiftUnitTest" time="0.001"/>
  <testcase name="createLiftWithId on createLiftWithId(com.qa.domain.LiftUnitTest)" classname="com.qa.domain.LiftUnitTest" time="0"/>
  <testcase name="hashCodeTest on hashCodeTest(com.qa.domain.LiftUnitTest)" classname="com.qa.domain.LiftUnitTest" time="0"/>
  <testcase name="hashCodeTestWithNull on hashCodeTestWithNull(com.qa.domain.LiftUnitTest)" classname="com.qa.domain.LiftUnitTest" time="0"/>
  <testcase name="constructorWithoutId on constructorWithoutId(com.qa.domain.ManufacturerUnitTest)" classname="com.qa.domain.ManufacturerUnitTest" time="0"/>
  <testcase name="checkEqualityBetweenDifferentObjects on checkEqualityBetweenDifferentObjects(com.qa.domain.ManufacturerUnitTest)" classname="com.qa.domain.ManufacturerUnitTest" time="0"/>
  <testcase name="checkEquality on checkEquality(com.qa.domain.ManufacturerUnitTest)" classname="com.qa.domain.ManufacturerUnitTest" time="0"/>
  <testcase name="createManufacturerWithId on createManufacturerWithId(com.qa.domain.ManufacturerUnitTest)" classname="com.qa.domain.ManufacturerUnitTest" time="0"/>
  <testcase name="equalsWithNull on equalsWithNull(com.qa.domain.ManufacturerUnitTest)" classname="com.qa.domain.ManufacturerUnitTest" time="0"/>
  <testcase name="emptyConstructor on emptyConstructor(com.qa.domain.ManufacturerUnitTest)" classname="com.qa.domain.ManufacturerUnitTest" time="0"/>
  <testcase name="equalsWithDifferentObject on equalsWithDifferentObject(com.qa.domain.ManufacturerUnitTest)" classname="com.qa.domain.ManufacturerUnitTest" time="0"/>
  <testcase name="manufacturerIdNotEqual on manufacturerIdNotEqual(com.qa.domain.ManufacturerUnitTest)" classname="com.qa.domain.ManufacturerUnitTest" time="0"/>
  <testcase name="hashCodeTest on hashCodeTest(com.qa.domain.ManufacturerUnitTest)" classname="com.qa.domain.ManufacturerUnitTest" time="0"/>
  <testcase name="hashCodeTestWithNull on hashCodeTestWithNull(com.qa.domain.ManufacturerUnitTest)" classname="com.qa.domain.ManufacturerUnitTest" time="0"/>
  <testcase name="constructorWithoutId on constructorWithoutId(com.qa.domain.WindowUnitTest)" classname="com.qa.domain.WindowUnitTest" time="0.001"/>
  <testcase name="checkEqualityBetweenDifferentObjects on checkEqualityBetweenDifferentObjects(com.qa.domain.WindowUnitTest)" classname="com.qa.domain.WindowUnitTest" time="0"/>
  <testcase name="checkEquality on checkEquality(com.qa.domain.WindowUnitTest)" classname="com.qa.domain.WindowUnitTest" time="0"/>
  <testcase name="equalsWithNull on equalsWithNull(com.qa.domain.WindowUnitTest)" classname="com.qa.domain.WindowUnitTest" time="0"/>
  <testcase name="emptyConstructor on emptyConstructor(com.qa.domain.WindowUnitTest)" classname="com.qa.domain.WindowUnitTest" time="0"/>
  <testcase name="equalsWithDifferentObject on equalsWithDifferentObject(com.qa.domain.WindowUnitTest)" classname="com.qa.domain.WindowUnitTest" time="0"/>
  <testcase name="createWindowWithId on createWindowWithId(com.qa.domain.WindowUnitTest)" classname="com.qa.domain.WindowUnitTest" time="0"/>
  <testcase name="hashCodeTest on hashCodeTest(com.qa.domain.WindowUnitTest)" classname="com.qa.domain.WindowUnitTest" time="0"/>
  <testcase name="hashCodeTestWithNull on hashCodeTestWithNull(com.qa.domain.WindowUnitTest)" classname="com.qa.domain.WindowUnitTest" time="0"/>
  <testcase name="windowIdNotEqual on windowIdNotEqual(com.qa.domain.WindowUnitTest)" classname="com.qa.domain.WindowUnitTest" time="0"/>
  <testcase name="constructorWithoutId on constructorWithoutId(com.qa.dto.DoorDTOUnitTest)" classname="com.qa.dto.DoorDTOUnitTest" time="0"/>
  <testcase name="checkEqualityBetweenDifferentObjects on checkEqualityBetweenDifferentObjects(com.qa.dto.DoorDTOUnitTest)" classname="com.qa.dto.DoorDTOUnitTest" time="0"/>
  <testcase name="checkEquality on checkEquality(com.qa.dto.DoorDTOUnitTest)" classname="com.qa.dto.DoorDTOUnitTest" time="0"/>
  <testcase name="equalsWithNull on equalsWithNull(com.qa.dto.DoorDTOUnitTest)" classname="com.qa.dto.DoorDTOUnitTest" time="0"/>
  <testcase name="emptyConstructor on emptyConstructor(com.qa.dto.DoorDTOUnitTest)" classname="com.qa.dto.DoorDTOUnitTest" time="0"/>
  <testcase name="equalsWithDifferentObject on equalsWithDifferentObject(com.qa.dto.DoorDTOUnitTest)" classname="com.qa.dto.DoorDTOUnitTest" time="0"/>
  <testcase name="doorIdNotEqual on doorIdNotEqual(com.qa.dto.DoorDTOUnitTest)" classname="com.qa.dto.DoorDTOUnitTest" time="0"/>
  <testcase name="hashCodeTest on hashCodeTest(com.qa.dto.DoorDTOUnitTest)" classname="com.qa.dto.DoorDTOUnitTest" time="0"/>
  <testcase name="createDoorWithId on createDoorWithId(com.qa.dto.DoorDTOUnitTest)" classname="com.qa.dto.DoorDTOUnitTest" time="0"/>
  <testcase name="hashCodeTestWithNull on hashCodeTestWithNull(com.qa.dto.DoorDTOUnitTest)" classname="com.qa.dto.DoorDTOUnitTest" time="0"/>
  <testcase name="liftIdNotEqual on liftIdNotEqual(com.qa.dto.LiftDTOUnitTest)" classname="com.qa.dto.LiftDTOUnitTest" time="0"/>
  <testcase name="constructorWithoutId on constructorWithoutId(com.qa.dto.LiftDTOUnitTest)" classname="com.qa.dto.LiftDTOUnitTest" time="0"/>
  <testcase name="checkEqualityBetweenDifferentObjects on checkEqualityBetweenDifferentObjects(com.qa.dto.LiftDTOUnitTest)" classname="com.qa.dto.LiftDTOUnitTest" time="0.001"/>
  <testcase name="checkEquality on checkEquality(com.qa.dto.LiftDTOUnitTest)" classname="com.qa.dto.LiftDTOUnitTest" time="0"/>
  <testcase name="equalsWithNull on equalsWithNull(com.qa.dto.LiftDTOUnitTest)" classname="com.qa.dto.LiftDTOUnitTest" time="0"/>
  <testcase name="emptyConstructor on emptyConstructor(com.qa.dto.LiftDTOUnitTest)" classname="com.qa.dto.LiftDTOUnitTest" time="0"/>
  <testcase name="equalsWithDifferentObject on equalsWithDifferentObject(com.qa.dto.LiftDTOUnitTest)" classname="com.qa.dto.LiftDTOUnitTest" time="0"/>
  <testcase name="createLiftWithId on createLiftWithId(com.qa.dto.LiftDTOUnitTest)" classname="com.qa.dto.LiftDTOUnitTest" time="0"/>
  <testcase name="hashCodeTest on hashCodeTest(com.qa.dto.LiftDTOUnitTest)" classname="com.qa.dto.LiftDTOUnitTest" time="0"/>
  <testcase name="hashCodeTestWithNull on hashCodeTestWithNull(com.qa.dto.LiftDTOUnitTest)" classname="com.qa.dto.LiftDTOUnitTest" time="0"/>
  <testcase name="constructorWithoutId on constructorWithoutId(com.qa.dto.ManufacturerDTOUnitTest)" classname="com.qa.dto.ManufacturerDTOUnitTest" time="0"/>
  <testcase name="checkEqualityBetweenDifferentObjects on checkEqualityBetweenDifferentObjects(com.qa.dto.ManufacturerDTOUnitTest)" classname="com.qa.dto.ManufacturerDTOUnitTest" time="0"/>
  <testcase name="checkEquality on checkEquality(com.qa.dto.ManufacturerDTOUnitTest)" classname="com.qa.dto.ManufacturerDTOUnitTest" time="0"/>
  <testcase name="createManufacturerWithId on createManufacturerWithId(com.qa.dto.ManufacturerDTOUnitTest)" classname="com.qa.dto.ManufacturerDTOUnitTest" time="0"/>
  <testcase name="equalsWithNull on equalsWithNull(com.qa.dto.ManufacturerDTOUnitTest)" classname="com.qa.dto.ManufacturerDTOUnitTest" time="0"/>
  <testcase name="emptyConstructor on emptyConstructor(com.qa.dto.ManufacturerDTOUnitTest)" classname="com.qa.dto.ManufacturerDTOUnitTest" time="0"/>
  <testcase name="equalsWithDifferentObject on equalsWithDifferentObject(com.qa.dto.ManufacturerDTOUnitTest)" classname="com.qa.dto.ManufacturerDTOUnitTest" time="0"/>
  <testcase name="manufacturerIdNotEqual on manufacturerIdNotEqual(com.qa.dto.ManufacturerDTOUnitTest)" classname="com.qa.dto.ManufacturerDTOUnitTest" time="0"/>
  <testcase name="hashCodeTest on hashCodeTest(com.qa.dto.ManufacturerDTOUnitTest)" classname="com.qa.dto.ManufacturerDTOUnitTest" time="0"/>
  <testcase name="hashCodeTestWithNull on hashCodeTestWithNull(com.qa.dto.ManufacturerDTOUnitTest)" classname="com.qa.dto.ManufacturerDTOUnitTest" time="0"/>
  <testcase name="constructorWithoutId on constructorWithoutId(com.qa.dto.WindowDTOUnitTest)" classname="com.qa.dto.WindowDTOUnitTest" time="0"/>
  <testcase name="checkEqualityBetweenDifferentObjects on checkEqualityBetweenDifferentObjects(com.qa.dto.WindowDTOUnitTest)" classname="com.qa.dto.WindowDTOUnitTest" time="0"/>
  <testcase name="checkEquality on checkEquality(com.qa.dto.WindowDTOUnitTest)" classname="com.qa.dto.WindowDTOUnitTest" time="0"/>
  <testcase name="equalsWithNull on equalsWithNull(com.qa.dto.WindowDTOUnitTest)" classname="com.qa.dto.WindowDTOUnitTest" time="0"/>
  <testcase name="emptyConstructor on emptyConstructor(com.qa.dto.WindowDTOUnitTest)" classname="com.qa.dto.WindowDTOUnitTest" time="0"/>
  <testcase name="equalsWithDifferentObject on equalsWithDifferentObject(com.qa.dto.WindowDTOUnitTest)" classname="com.qa.dto.WindowDTOUnitTest" time="0"/>
  <testcase name="createWindowWithId on createWindowWithId(com.qa.dto.WindowDTOUnitTest)" classname="com.qa.dto.WindowDTOUnitTest" time="0"/>
  <testcase name="hashCodeTest on hashCodeTest(com.qa.dto.WindowDTOUnitTest)" classname="com.qa.dto.WindowDTOUnitTest" time="0"/>
  <testcase name="hashCodeTestWithNull on hashCodeTestWithNull(com.qa.dto.WindowDTOUnitTest)" classname="com.qa.dto.WindowDTOUnitTest" time="0.001"/>
  <testcase name="windowIdNotEqual on windowIdNotEqual(com.qa.dto.WindowDTOUnitTest)" classname="com.qa.dto.WindowDTOUnitTest" time="0"/>
  <testcase name="testGetAllDoors on testGetAllDoors(com.qa.rest.DoorControllerIntegrationTest)" classname="com.qa.rest.DoorControllerIntegrationTest" time="4.549"/>
  <testcase name="testUpdateDoor on testUpdateDoor(com.qa.rest.DoorControllerIntegrationTest)" classname="com.qa.rest.DoorControllerIntegrationTest" time="3.837"/>
  <testcase name="testGetDoor on testGetDoor(com.qa.rest.DoorControllerIntegrationTest)" classname="com.qa.rest.DoorControllerIntegrationTest" time="3.353"/>
  <testcase name="testCreateDoor on testCreateDoor(com.qa.rest.DoorControllerIntegrationTest)" classname="com.qa.rest.DoorControllerIntegrationTest" time="3.17"/>
  <testcase name="testDeleteDoor on testDeleteDoor(com.qa.rest.DoorControllerIntegrationTest)" classname="com.qa.rest.DoorControllerIntegrationTest" time="4.625"/>
  <testcase name="findDoorByIDTest on findDoorByIDTest(com.qa.rest.DoorControllerUnitTest)" classname="com.qa.rest.DoorControllerUnitTest" time="0.125"/>
  <testcase name="deleteDoorTest on deleteDoorTest(com.qa.rest.DoorControllerUnitTest)" classname="com.qa.rest.DoorControllerUnitTest" time="0.002"/>
  <testcase name="updateDoorsTest on updateDoorsTest(com.qa.rest.DoorControllerUnitTest)" classname="com.qa.rest.DoorControllerUnitTest" time="0.002"/>
  <testcase name="getAllDoorsTest on getAllDoorsTest(com.qa.rest.DoorControllerUnitTest)" classname="com.qa.rest.DoorControllerUnitTest" time="0.002"/>
  <testcase name="createDoorTest on createDoorTest(com.qa.rest.DoorControllerUnitTest)" classname="com.qa.rest.DoorControllerUnitTest" time="0.001"/>
  <testcase name="testGetAllLifts on testGetAllLifts(com.qa.rest.LiftControllerIntegrationTest)" classname="com.qa.rest.LiftControllerIntegrationTest" time="3.597"/>
  <testcase name="testUpdateLift on testUpdateLift(com.qa.rest.LiftControllerIntegrationTest)" classname="com.qa.rest.LiftControllerIntegrationTest" time="3.798"/>
  <testcase name="testGetLift on testGetLift(com.qa.rest.LiftControllerIntegrationTest)" classname="com.qa.rest.LiftControllerIntegrationTest" time="3.414"/>
  <testcase name="testCreateLift on testCreateLift(com.qa.rest.LiftControllerIntegrationTest)" classname="com.qa.rest.LiftControllerIntegrationTest" time="3.157"/>
  <testcase name="testDeleteLift on testDeleteLift(com.qa.rest.LiftControllerIntegrationTest)" classname="com.qa.rest.LiftControllerIntegrationTest" time="4.917"/>
  <testcase name="getAllLiftsTest on getAllLiftsTest(com.qa.rest.LiftControllerUnitTest)" classname="com.qa.rest.LiftControllerUnitTest" time="0.023"/>
  <testcase name="deleteLiftTest on deleteLiftTest(com.qa.rest.LiftControllerUnitTest)" classname="com.qa.rest.LiftControllerUnitTest" time="0.002"/>
  <testcase name="findLiftByIDTest on findLiftByIDTest(com.qa.rest.LiftControllerUnitTest)" classname="com.qa.rest.LiftControllerUnitTest" time="0.001"/>
  <testcase name="updateLiftsTest on updateLiftsTest(com.qa.rest.LiftControllerUnitTest)" classname="com.qa.rest.LiftControllerUnitTest" time="0.004"/>
  <testcase name="createLiftTest on createLiftTest(com.qa.rest.LiftControllerUnitTest)" classname="com.qa.rest.LiftControllerUnitTest" time="0.002"/>
  <testcase name="testCreateManufacturer on testCreateManufacturer(com.qa.rest.ManufacturerControllerIntegrationTest)" classname="com.qa.rest.ManufacturerControllerIntegrationTest" time="5.717"/>
  <testcase name="testDeleteManufacturer on testDeleteManufacturer(com.qa.rest.ManufacturerControllerIntegrationTest)" classname="com.qa.rest.ManufacturerControllerIntegrationTest" time="4.788"/>
  <testcase name="testGetManufacturer on testGetManufacturer(com.qa.rest.ManufacturerControllerIntegrationTest)" classname="com.qa.rest.ManufacturerControllerIntegrationTest" time="3.794"/>
  <testcase name="testGetAllManufacturers on testGetAllManufacturers(com.qa.rest.ManufacturerControllerIntegrationTest)" classname="com.qa.rest.ManufacturerControllerIntegrationTest" time="3.873"/>
  <testcase name="testUpdateManufacturer on testUpdateManufacturer(com.qa.rest.ManufacturerControllerIntegrationTest)" classname="com.qa.rest.ManufacturerControllerIntegrationTest" time="4.309"/>
  <testcase name="getAllManufacturersTest on getAllManufacturersTest(com.qa.rest.ManufacturerControllerUnitTest)" classname="com.qa.rest.ManufacturerControllerUnitTest" time="0.021"/>
  <testcase name="createManufacturerTest on createManufacturerTest(com.qa.rest.ManufacturerControllerUnitTest)" classname="com.qa.rest.ManufacturerControllerUnitTest" time="0.001"/>
  <testcase name="updateManufacturersTest on updateManufacturersTest(com.qa.rest.ManufacturerControllerUnitTest)" classname="com.qa.rest.ManufacturerControllerUnitTest" time="0.001"/>
  <testcase name="deleteManufacturerTest on deleteManufacturerTest(com.qa.rest.ManufacturerControllerUnitTest)" classname="com.qa.rest.ManufacturerControllerUnitTest" time="0.001"/>
  <testcase name="findManufacturerByIDTest on findManufacturerByIDTest(com.qa.rest.ManufacturerControllerUnitTest)" classname="com.qa.rest.ManufacturerControllerUnitTest" time="0.001"/>
  <testcase name="testCreateWindow on testCreateWindow(com.qa.rest.WindowControllerIntegrationTest)" classname="com.qa.rest.WindowControllerIntegrationTest" time="2.933"/>
  <testcase name="testGetAllWindows on testGetAllWindows(com.qa.rest.WindowControllerIntegrationTest)" classname="com.qa.rest.WindowControllerIntegrationTest" time="3.458"/>
  <testcase name="testUpdateWindow on testUpdateWindow(com.qa.rest.WindowControllerIntegrationTest)" classname="com.qa.rest.WindowControllerIntegrationTest" time="3.775"/>
  <testcase name="testDeleteWindow on testDeleteWindow(com.qa.rest.WindowControllerIntegrationTest)" classname="com.qa.rest.WindowControllerIntegrationTest" time="4.604"/>
  <testcase name="testGetWindow on testGetWindow(com.qa.rest.WindowControllerIntegrationTest)" classname="com.qa.rest.WindowControllerIntegrationTest" time="3.137"/>
  <testcase name="findWindowByIDTest on findWindowByIDTest(com.qa.rest.WindowControllerUnitTest)" classname="com.qa.rest.WindowControllerUnitTest" time="0.02"/>
  <testcase name="createWindowTest on createWindowTest(com.qa.rest.WindowControllerUnitTest)" classname="com.qa.rest.WindowControllerUnitTest" time="0.002"/>
  <testcase name="deleteWindowTest on deleteWindowTest(com.qa.rest.WindowControllerUnitTest)" classname="com.qa.rest.WindowControllerUnitTest" time="0.001"/>
  <testcase name="updateWindowsTest on updateWindowsTest(com.qa.rest.WindowControllerUnitTest)" classname="com.qa.rest.WindowControllerUnitTest" time="0.002"/>
  <testcase name="getAllWindowsTest on getAllWindowsTest(com.qa.rest.WindowControllerUnitTest)" classname="com.qa.rest.WindowControllerUnitTest" time="0.002"/>
  <testcase name="testFindDoorByID on testFindDoorByID(com.qa.service.DoorServiceIntegrationTest)" classname="com.qa.service.DoorServiceIntegrationTest" time="4.461"/>
  <testcase name="testUpdateDoor on testUpdateDoor(com.qa.service.DoorServiceIntegrationTest)" classname="com.qa.service.DoorServiceIntegrationTest" time="3.984"/>
  <testcase name="testReadDoors on testReadDoors(com.qa.service.DoorServiceIntegrationTest)" classname="com.qa.service.DoorServiceIntegrationTest" time="3.456"/>
  <testcase name="testCreateDoor on testCreateDoor(com.qa.service.DoorServiceIntegrationTest)" classname="com.qa.service.DoorServiceIntegrationTest" time="3.129"/>
  <testcase name="testDeleteDoor on testDeleteDoor(com.qa.service.DoorServiceIntegrationTest)" classname="com.qa.service.DoorServiceIntegrationTest" time="4.617"/>
  <testcase name="findDoorByIDTest on findDoorByIDTest(com.qa.service.DoorServiceUnitTest)" classname="com.qa.service.DoorServiceUnitTest" time="0.005"/>
  <testcase name="deleteDoorTest on deleteDoorTest(com.qa.service.DoorServiceUnitTest)" classname="com.qa.service.DoorServiceUnitTest" time="0.002"/>
  <testcase name="updateDoorsTest on updateDoorsTest(com.qa.service.DoorServiceUnitTest)" classname="com.qa.service.DoorServiceUnitTest" time="0.003"/>
  <testcase name="readDoorsTest on readDoorsTest(com.qa.service.DoorServiceUnitTest)" classname="com.qa.service.DoorServiceUnitTest" time="0.002"/>
  <testcase name="createDoorTest on createDoorTest(com.qa.service.DoorServiceUnitTest)" classname="com.qa.service.DoorServiceUnitTest" time="0.003"/>
  <testcase name="testFindLiftByID on testFindLiftByID(com.qa.service.LiftServiceIntegrationTest)" classname="com.qa.service.LiftServiceIntegrationTest" time="3.509"/>
  <testcase name="testUpdateLift on testUpdateLift(com.qa.service.LiftServiceIntegrationTest)" classname="com.qa.service.LiftServiceIntegrationTest" time="4.009"/>
  <testcase name="testReadLifts on testReadLifts(com.qa.service.LiftServiceIntegrationTest)" classname="com.qa.service.LiftServiceIntegrationTest" time="3.536"/>
  <testcase name="testCreateLift on testCreateLift(com.qa.service.LiftServiceIntegrationTest)" classname="com.qa.service.LiftServiceIntegrationTest" time="3.164"/>
  <testcase name="testDeleteLift on testDeleteLift(com.qa.service.LiftServiceIntegrationTest)" classname="com.qa.service.LiftServiceIntegrationTest" time="4.661"/>
  <testcase name="readLiftsTest on readLiftsTest(com.qa.service.LiftServiceUnitTest)" classname="com.qa.service.LiftServiceUnitTest" time="0.003"/>
  <testcase name="deleteLiftTest on deleteLiftTest(com.qa.service.LiftServiceUnitTest)" classname="com.qa.service.LiftServiceUnitTest" time="0.003"/>
  <testcase name="findLiftByIDTest on findLiftByIDTest(com.qa.service.LiftServiceUnitTest)" classname="com.qa.service.LiftServiceUnitTest" time="0.002"/>
  <testcase name="updateLiftsTest on updateLiftsTest(com.qa.service.LiftServiceUnitTest)" classname="com.qa.service.LiftServiceUnitTest" time="0.004"/>
  <testcase name="createLiftTest on createLiftTest(com.qa.service.LiftServiceUnitTest)" classname="com.qa.service.LiftServiceUnitTest" time="0.003"/>
  <testcase name="testDeleteManufacturer on testDeleteManufacturer(com.qa.service.ManufacturerServiceIntegrationTest)" classname="com.qa.service.ManufacturerServiceIntegrationTest" time="7.078"/>
  <testcase name="createManufacturerTest on createManufacturerTest(com.qa.service.ManufacturerServiceUnitTest)" classname="com.qa.service.ManufacturerServiceUnitTest" time="0.003"/>
  <testcase name="updateManufacturersTest on updateManufacturersTest(com.qa.service.ManufacturerServiceUnitTest)" classname="com.qa.service.ManufacturerServiceUnitTest" time="0.006"/>
  <testcase name="deleteManufacturerTest on deleteManufacturerTest(com.qa.service.ManufacturerServiceUnitTest)" classname="com.qa.service.ManufacturerServiceUnitTest" time="0.005"/>
  <testcase name="readManufacturersTest on readManufacturersTest(com.qa.service.ManufacturerServiceUnitTest)" classname="com.qa.service.ManufacturerServiceUnitTest" time="0.005"/>
  <testcase name="findManufacturerByIDTest on findManufacturerByIDTest(com.qa.service.ManufacturerServiceUnitTest)" classname="com.qa.service.ManufacturerServiceUnitTest" time="0.003"/>
  <testcase name="testCreateWindow on testCreateWindow(com.qa.service.WindowServiceIntegrationTest)" classname="com.qa.service.WindowServiceIntegrationTest" time="2.964"/>
  <testcase name="testFindWindowByID on testFindWindowByID(com.qa.service.WindowServiceIntegrationTest)" classname="com.qa.service.WindowServiceIntegrationTest" time="3.392"/>
  <testcase name="testReadWindows on testReadWindows(com.qa.service.WindowServiceIntegrationTest)" classname="com.qa.service.WindowServiceIntegrationTest" time="3.548"/>
  <testcase name="testUpdateWindow on testUpdateWindow(com.qa.service.WindowServiceIntegrationTest)" classname="com.qa.service.WindowServiceIntegrationTest" time="4.051"/>
  <testcase name="testDeleteWindow on testDeleteWindow(com.qa.service.WindowServiceIntegrationTest)" classname="com.qa.service.WindowServiceIntegrationTest" time="4.684"/>
  <testcase name="findWindowByIDTest on findWindowByIDTest(com.qa.service.WindowServiceUnitTest)" classname="com.qa.service.WindowServiceUnitTest" time="0.003"/>
  <testcase name="createWindowTest on createWindowTest(com.qa.service.WindowServiceUnitTest)" classname="com.qa.service.WindowServiceUnitTest" time="0.003"/>
  <testcase name="deleteWindowTest on deleteWindowTest(com.qa.service.WindowServiceUnitTest)" classname="com.qa.service.WindowServiceUnitTest" time="0.004"/>
  <testcase name="updateWindowsTest on updateWindowsTest(com.qa.service.WindowServiceUnitTest)" classname="com.qa.service.WindowServiceUnitTest" time="0.003"/>
  <testcase name="readWindowsTest on readWindowsTest(com.qa.service.WindowServiceUnitTest)" classname="com.qa.service.WindowServiceUnitTest" time="0.002"/>
</testsuite>