<?xml version="1.0" encoding="UTF-8"?>
<!-- Generated by org.testng.reporters.JUnitXMLReporter -->
<testsuite hostname="DESKTOP-JIC27MP" ignored="0" name="Surefire test" tests="156" failures="0" timestamp="20 May 2020 11:21:23 GMT" time="169.948" errors="0">
  <testcase name="constructorWithoutId on constructorWithoutId(com.qa.domain.DoorUnitTest)" time="0.013" classname="com.qa.domain.DoorUnitTest"/>
  <testcase name="checkEqualityBetweenDifferentObjects on checkEqualityBetweenDifferentObjects(com.qa.domain.DoorUnitTest)" time="0.013" classname="com.qa.domain.DoorUnitTest"/>
  <testcase name="checkEquality on checkEquality(com.qa.domain.DoorUnitTest)" time="0.013" classname="com.qa.domain.DoorUnitTest"/>
  <testcase name="equalsWithNull on equalsWithNull(com.qa.domain.DoorUnitTest)" time="0.014" classname="com.qa.domain.DoorUnitTest"/>
  <testcase name="emptyConstructor on emptyConstructor(com.qa.domain.DoorUnitTest)" time="0.014" classname="com.qa.domain.DoorUnitTest"/>
  <testcase name="equalsWithDifferentObject on equalsWithDifferentObject(com.qa.domain.DoorUnitTest)" time="0.014" classname="com.qa.domain.DoorUnitTest"/>
  <testcase name="doorIdNotEqual on doorIdNotEqual(com.qa.domain.DoorUnitTest)" time="0.014" classname="com.qa.domain.DoorUnitTest"/>
  <testcase name="hashCodeTest on hashCodeTest(com.qa.domain.DoorUnitTest)" time="0.014" classname="com.qa.domain.DoorUnitTest"/>
  <testcase name="createDoorWithId on createDoorWithId(com.qa.domain.DoorUnitTest)" time="0.013" classname="com.qa.domain.DoorUnitTest"/>
  <testcase name="hashCodeTestWithNull on hashCodeTestWithNull(com.qa.domain.DoorUnitTest)" time="0.014" classname="com.qa.domain.DoorUnitTest"/>
  <testcase name="liftIdNotEqual on liftIdNotEqual(com.qa.domain.LiftUnitTest)" time="0.001" classname="com.qa.domain.LiftUnitTest"/>
  <testcase name="constructorWithoutId on constructorWithoutId(com.qa.domain.LiftUnitTest)" time="0.001" classname="com.qa.domain.LiftUnitTest"/>
  <testcase name="checkEqualityBetweenDifferentObjects on checkEqualityBetweenDifferentObjects(com.qa.domain.LiftUnitTest)" time="0.001" classname="com.qa.domain.LiftUnitTest"/>
  <testcase name="checkEquality on checkEquality(com.qa.domain.LiftUnitTest)" time="0.001" classname="com.qa.domain.LiftUnitTest"/>
  <testcase name="equalsWithNull on equalsWithNull(com.qa.domain.LiftUnitTest)" time="0.001" classname="com.qa.domain.LiftUnitTest"/>
  <testcase name="emptyConstructor on emptyConstructor(com.qa.domain.LiftUnitTest)" time="0.001" classname="com.qa.domain.LiftUnitTest"/>
  <testcase name="equalsWithDifferentObject on equalsWithDifferentObject(com.qa.domain.LiftUnitTest)" time="0.001" classname="com.qa.domain.LiftUnitTest"/>
  <testcase name="createLiftWithId on createLiftWithId(com.qa.domain.LiftUnitTest)" time="0.002" classname="com.qa.domain.LiftUnitTest"/>
  <testcase name="hashCodeTest on hashCodeTest(com.qa.domain.LiftUnitTest)" time="0.002" classname="com.qa.domain.LiftUnitTest"/>
  <testcase name="hashCodeTestWithNull on hashCodeTestWithNull(com.qa.domain.LiftUnitTest)" time="0.002" classname="com.qa.domain.LiftUnitTest"/>
  <testcase name="constructorWithoutId on constructorWithoutId(com.qa.domain.ManufacturerUnitTest)" time="0.001" classname="com.qa.domain.ManufacturerUnitTest"/>
  <testcase name="checkEqualityBetweenDifferentObjects on checkEqualityBetweenDifferentObjects(com.qa.domain.ManufacturerUnitTest)" time="0.001" classname="com.qa.domain.ManufacturerUnitTest"/>
  <testcase name="checkEquality on checkEquality(com.qa.domain.ManufacturerUnitTest)" time="0.0" classname="com.qa.domain.ManufacturerUnitTest"/>
  <testcase name="createManufacturerWithId on createManufacturerWithId(com.qa.domain.ManufacturerUnitTest)" time="0.0" classname="com.qa.domain.ManufacturerUnitTest"/>
  <testcase name="equalsWithNull on equalsWithNull(com.qa.domain.ManufacturerUnitTest)" time="0.001" classname="com.qa.domain.ManufacturerUnitTest"/>
  <testcase name="emptyConstructor on emptyConstructor(com.qa.domain.ManufacturerUnitTest)" time="0.001" classname="com.qa.domain.ManufacturerUnitTest"/>
  <testcase name="equalsWithDifferentObject on equalsWithDifferentObject(com.qa.domain.ManufacturerUnitTest)" time="0.001" classname="com.qa.domain.ManufacturerUnitTest"/>
  <testcase name="manufacturerIdNotEqual on manufacturerIdNotEqual(com.qa.domain.ManufacturerUnitTest)" time="0.001" classname="com.qa.domain.ManufacturerUnitTest"/>
  <testcase name="hashCodeTest on hashCodeTest(com.qa.domain.ManufacturerUnitTest)" time="0.001" classname="com.qa.domain.ManufacturerUnitTest"/>
  <testcase name="hashCodeTestWithNull on hashCodeTestWithNull(com.qa.domain.ManufacturerUnitTest)" time="0.001" classname="com.qa.domain.ManufacturerUnitTest"/>
  <testcase name="constructorWithoutId on constructorWithoutId(com.qa.domain.WindowUnitTest)" time="0.0" classname="com.qa.domain.WindowUnitTest"/>
  <testcase name="checkEqualityBetweenDifferentObjects on checkEqualityBetweenDifferentObjects(com.qa.domain.WindowUnitTest)" time="0.001" classname="com.qa.domain.WindowUnitTest"/>
  <testcase name="checkEquality on checkEquality(com.qa.domain.WindowUnitTest)" time="0.001" classname="com.qa.domain.WindowUnitTest"/>
  <testcase name="equalsWithNull on equalsWithNull(com.qa.domain.WindowUnitTest)" time="0.001" classname="com.qa.domain.WindowUnitTest"/>
  <testcase name="emptyConstructor on emptyConstructor(com.qa.domain.WindowUnitTest)" time="0.001" classname="com.qa.domain.WindowUnitTest"/>
  <testcase name="equalsWithDifferentObject on equalsWithDifferentObject(com.qa.domain.WindowUnitTest)" time="0.001" classname="com.qa.domain.WindowUnitTest"/>
  <testcase name="createWindowWithId on createWindowWithId(com.qa.domain.WindowUnitTest)" time="0.001" classname="com.qa.domain.WindowUnitTest"/>
  <testcase name="hashCodeTest on hashCodeTest(com.qa.domain.WindowUnitTest)" time="0.001" classname="com.qa.domain.WindowUnitTest"/>
  <testcase name="hashCodeTestWithNull on hashCodeTestWithNull(com.qa.domain.WindowUnitTest)" time="0.002" classname="com.qa.domain.WindowUnitTest"/>
  <testcase name="windowIdNotEqual on windowIdNotEqual(com.qa.domain.WindowUnitTest)" time="0.002" classname="com.qa.domain.WindowUnitTest"/>
  <testcase name="constructorWithoutId on constructorWithoutId(com.qa.dto.DoorDTOUnitTest)" time="0.001" classname="com.qa.dto.DoorDTOUnitTest"/>
  <testcase name="checkEqualityBetweenDifferentObjects on checkEqualityBetweenDifferentObjects(com.qa.dto.DoorDTOUnitTest)" time="0.001" classname="com.qa.dto.DoorDTOUnitTest"/>
  <testcase name="checkEquality on checkEquality(com.qa.dto.DoorDTOUnitTest)" time="0.001" classname="com.qa.dto.DoorDTOUnitTest"/>
  <testcase name="equalsWithNull on equalsWithNull(com.qa.dto.DoorDTOUnitTest)" time="0.001" classname="com.qa.dto.DoorDTOUnitTest"/>
  <testcase name="emptyConstructor on emptyConstructor(com.qa.dto.DoorDTOUnitTest)" time="0.001" classname="com.qa.dto.DoorDTOUnitTest"/>
  <testcase name="equalsWithDifferentObject on equalsWithDifferentObject(com.qa.dto.DoorDTOUnitTest)" time="0.002" classname="com.qa.dto.DoorDTOUnitTest"/>
  <testcase name="doorIdNotEqual on doorIdNotEqual(com.qa.dto.DoorDTOUnitTest)" time="0.002" classname="com.qa.dto.DoorDTOUnitTest"/>
  <testcase name="hashCodeTest on hashCodeTest(com.qa.dto.DoorDTOUnitTest)" time="0.001" classname="com.qa.dto.DoorDTOUnitTest"/>
  <testcase name="createDoorWithId on createDoorWithId(com.qa.dto.DoorDTOUnitTest)" time="0.001" classname="com.qa.dto.DoorDTOUnitTest"/>
  <testcase name="hashCodeTestWithNull on hashCodeTestWithNull(com.qa.dto.DoorDTOUnitTest)" time="0.001" classname="com.qa.dto.DoorDTOUnitTest"/>
  <testcase name="liftIdNotEqual on liftIdNotEqual(com.qa.dto.LiftDTOUnitTest)" time="0.0" classname="com.qa.dto.LiftDTOUnitTest"/>
  <testcase name="constructorWithoutId on constructorWithoutId(com.qa.dto.LiftDTOUnitTest)" time="0.0" classname="com.qa.dto.LiftDTOUnitTest"/>
  <testcase name="checkEqualityBetweenDifferentObjects on checkEqualityBetweenDifferentObjects(com.qa.dto.LiftDTOUnitTest)" time="0.0" classname="com.qa.dto.LiftDTOUnitTest"/>
  <testcase name="checkEquality on checkEquality(com.qa.dto.LiftDTOUnitTest)" time="0.001" classname="com.qa.dto.LiftDTOUnitTest"/>
  <testcase name="equalsWithNull on equalsWithNull(com.qa.dto.LiftDTOUnitTest)" time="0.001" classname="com.qa.dto.LiftDTOUnitTest"/>
  <testcase name="emptyConstructor on emptyConstructor(com.qa.dto.LiftDTOUnitTest)" time="0.001" classname="com.qa.dto.LiftDTOUnitTest"/>
  <testcase name="equalsWithDifferentObject on equalsWithDifferentObject(com.qa.dto.LiftDTOUnitTest)" time="0.001" classname="com.qa.dto.LiftDTOUnitTest"/>
  <testcase name="createLiftWithId on createLiftWithId(com.qa.dto.LiftDTOUnitTest)" time="0.001" classname="com.qa.dto.LiftDTOUnitTest"/>
  <testcase name="hashCodeTest on hashCodeTest(com.qa.dto.LiftDTOUnitTest)" time="0.001" classname="com.qa.dto.LiftDTOUnitTest"/>
  <testcase name="hashCodeTestWithNull on hashCodeTestWithNull(com.qa.dto.LiftDTOUnitTest)" time="0.001" classname="com.qa.dto.LiftDTOUnitTest"/>
  <testcase name="constructorWithoutId on constructorWithoutId(com.qa.dto.ManufacturerDTOUnitTest)" time="0.0" classname="com.qa.dto.ManufacturerDTOUnitTest"/>
  <testcase name="checkEqualityBetweenDifferentObjects on checkEqualityBetweenDifferentObjects(com.qa.dto.ManufacturerDTOUnitTest)" time="0.001" classname="com.qa.dto.ManufacturerDTOUnitTest"/>
  <testcase name="checkEquality on checkEquality(com.qa.dto.ManufacturerDTOUnitTest)" time="0.001" classname="com.qa.dto.ManufacturerDTOUnitTest"/>
  <testcase name="createManufacturerWithId on createManufacturerWithId(com.qa.dto.ManufacturerDTOUnitTest)" time="0.001" classname="com.qa.dto.ManufacturerDTOUnitTest"/>
  <testcase name="equalsWithNull on equalsWithNull(com.qa.dto.ManufacturerDTOUnitTest)" time="0.001" classname="com.qa.dto.ManufacturerDTOUnitTest"/>
  <testcase name="emptyConstructor on emptyConstructor(com.qa.dto.ManufacturerDTOUnitTest)" time="0.001" classname="com.qa.dto.ManufacturerDTOUnitTest"/>
  <testcase name="equalsWithDifferentObject on equalsWithDifferentObject(com.qa.dto.ManufacturerDTOUnitTest)" time="0.001" classname="com.qa.dto.ManufacturerDTOUnitTest"/>
  <testcase name="manufacturerIdNotEqual on manufacturerIdNotEqual(com.qa.dto.ManufacturerDTOUnitTest)" time="0.001" classname="com.qa.dto.ManufacturerDTOUnitTest"/>
  <testcase name="hashCodeTest on hashCodeTest(com.qa.dto.ManufacturerDTOUnitTest)" time="0.001" classname="com.qa.dto.ManufacturerDTOUnitTest"/>
  <testcase name="hashCodeTestWithNull on hashCodeTestWithNull(com.qa.dto.ManufacturerDTOUnitTest)" time="0.002" classname="com.qa.dto.ManufacturerDTOUnitTest"/>
  <testcase name="constructorWithoutId on constructorWithoutId(com.qa.dto.WindowDTOUnitTest)" time="0.001" classname="com.qa.dto.WindowDTOUnitTest"/>
  <testcase name="checkEqualityBetweenDifferentObjects on checkEqualityBetweenDifferentObjects(com.qa.dto.WindowDTOUnitTest)" time="0.001" classname="com.qa.dto.WindowDTOUnitTest"/>
  <testcase name="checkEquality on checkEquality(com.qa.dto.WindowDTOUnitTest)" time="0.0" classname="com.qa.dto.WindowDTOUnitTest"/>
  <testcase name="equalsWithNull on equalsWithNull(com.qa.dto.WindowDTOUnitTest)" time="0.0" classname="com.qa.dto.WindowDTOUnitTest"/>
  <testcase name="emptyConstructor on emptyConstructor(com.qa.dto.WindowDTOUnitTest)" time="0.0" classname="com.qa.dto.WindowDTOUnitTest"/>
  <testcase name="equalsWithDifferentObject on equalsWithDifferentObject(com.qa.dto.WindowDTOUnitTest)" time="0.0" classname="com.qa.dto.WindowDTOUnitTest"/>
  <testcase name="createWindowWithId on createWindowWithId(com.qa.dto.WindowDTOUnitTest)" time="0.0" classname="com.qa.dto.WindowDTOUnitTest"/>
  <testcase name="hashCodeTest on hashCodeTest(com.qa.dto.WindowDTOUnitTest)" time="0.0" classname="com.qa.dto.WindowDTOUnitTest"/>
  <testcase name="hashCodeTestWithNull on hashCodeTestWithNull(com.qa.dto.WindowDTOUnitTest)" time="0.0" classname="com.qa.dto.WindowDTOUnitTest"/>
  <testcase name="windowIdNotEqual on windowIdNotEqual(com.qa.dto.WindowDTOUnitTest)" time="0.001" classname="com.qa.dto.WindowDTOUnitTest"/>
  <testcase name="testGetAllDoors on testGetAllDoors(com.qa.rest.DoorControllerIntegrationTest)" time="17.694" classname="com.qa.rest.DoorControllerIntegrationTest"/>
  <testcase name="testUpdateDoor on testUpdateDoor(com.qa.rest.DoorControllerIntegrationTest)" time="21.539" classname="com.qa.rest.DoorControllerIntegrationTest"/>
  <testcase name="testGetDoor on testGetDoor(com.qa.rest.DoorControllerIntegrationTest)" time="24.892" classname="com.qa.rest.DoorControllerIntegrationTest"/>
  <testcase name="testCreateDoor on testCreateDoor(com.qa.rest.DoorControllerIntegrationTest)" time="28.063" classname="com.qa.rest.DoorControllerIntegrationTest"/>
  <testcase name="testDeleteDoor on testDeleteDoor(com.qa.rest.DoorControllerIntegrationTest)" time="32.689" classname="com.qa.rest.DoorControllerIntegrationTest"/>
  <testcase name="findDoorByIDTest on findDoorByIDTest(com.qa.rest.DoorControllerUnitTest)" time="0.133" classname="com.qa.rest.DoorControllerUnitTest"/>
  <testcase name="deleteDoorTest on deleteDoorTest(com.qa.rest.DoorControllerUnitTest)" time="0.135" classname="com.qa.rest.DoorControllerUnitTest"/>
  <testcase name="updateDoorsTest on updateDoorsTest(com.qa.rest.DoorControllerUnitTest)" time="0.136" classname="com.qa.rest.DoorControllerUnitTest"/>
  <testcase name="getAllDoorsTest on getAllDoorsTest(com.qa.rest.DoorControllerUnitTest)" time="0.138" classname="com.qa.rest.DoorControllerUnitTest"/>
  <testcase name="createDoorTest on createDoorTest(com.qa.rest.DoorControllerUnitTest)" time="0.139" classname="com.qa.rest.DoorControllerUnitTest"/>
  <testcase name="testGetAllLifts on testGetAllLifts(com.qa.rest.LiftControllerIntegrationTest)" time="3.601" classname="com.qa.rest.LiftControllerIntegrationTest"/>
  <testcase name="testUpdateLift on testUpdateLift(com.qa.rest.LiftControllerIntegrationTest)" time="7.399" classname="com.qa.rest.LiftControllerIntegrationTest"/>
  <testcase name="testGetLift on testGetLift(com.qa.rest.LiftControllerIntegrationTest)" time="10.813" classname="com.qa.rest.LiftControllerIntegrationTest"/>
  <testcase name="testCreateLift on testCreateLift(com.qa.rest.LiftControllerIntegrationTest)" time="13.971" classname="com.qa.rest.LiftControllerIntegrationTest"/>
  <testcase name="testDeleteLift on testDeleteLift(com.qa.rest.LiftControllerIntegrationTest)" time="18.889" classname="com.qa.rest.LiftControllerIntegrationTest"/>
  <testcase name="getAllLiftsTest on getAllLiftsTest(com.qa.rest.LiftControllerUnitTest)" time="0.024" classname="com.qa.rest.LiftControllerUnitTest"/>
  <testcase name="deleteLiftTest on deleteLiftTest(com.qa.rest.LiftControllerUnitTest)" time="0.026" classname="com.qa.rest.LiftControllerUnitTest"/>
  <testcase name="findLiftByIDTest on findLiftByIDTest(com.qa.rest.LiftControllerUnitTest)" time="0.027" classname="com.qa.rest.LiftControllerUnitTest"/>
  <testcase name="updateLiftsTest on updateLiftsTest(com.qa.rest.LiftControllerUnitTest)" time="0.031" classname="com.qa.rest.LiftControllerUnitTest"/>
  <testcase name="createLiftTest on createLiftTest(com.qa.rest.LiftControllerUnitTest)" time="0.033" classname="com.qa.rest.LiftControllerUnitTest"/>
  <testcase name="testCreateManufacturer on testCreateManufacturer(com.qa.rest.ManufacturerControllerIntegrationTest)" time="5.722" classname="com.qa.rest.ManufacturerControllerIntegrationTest"/>
  <testcase name="testDeleteManufacturer on testDeleteManufacturer(com.qa.rest.ManufacturerControllerIntegrationTest)" time="10.509" classname="com.qa.rest.ManufacturerControllerIntegrationTest"/>
  <testcase name="testGetManufacturer on testGetManufacturer(com.qa.rest.ManufacturerControllerIntegrationTest)" time="14.303" classname="com.qa.rest.ManufacturerControllerIntegrationTest"/>
  <testcase name="testGetAllManufacturers on testGetAllManufacturers(com.qa.rest.ManufacturerControllerIntegrationTest)" time="18.178" classname="com.qa.rest.ManufacturerControllerIntegrationTest"/>
  <testcase name="testUpdateManufacturer on testUpdateManufacturer(com.qa.rest.ManufacturerControllerIntegrationTest)" time="22.488" classname="com.qa.rest.ManufacturerControllerIntegrationTest"/>
  <testcase name="getAllManufacturersTest on getAllManufacturersTest(com.qa.rest.ManufacturerControllerUnitTest)" time="0.021" classname="com.qa.rest.ManufacturerControllerUnitTest"/>
  <testcase name="createManufacturerTest on createManufacturerTest(com.qa.rest.ManufacturerControllerUnitTest)" time="0.022" classname="com.qa.rest.ManufacturerControllerUnitTest"/>
  <testcase name="updateManufacturersTest on updateManufacturersTest(com.qa.rest.ManufacturerControllerUnitTest)" time="0.023" classname="com.qa.rest.ManufacturerControllerUnitTest"/>
  <testcase name="deleteManufacturerTest on deleteManufacturerTest(com.qa.rest.ManufacturerControllerUnitTest)" time="0.024" classname="com.qa.rest.ManufacturerControllerUnitTest"/>
  <testcase name="findManufacturerByIDTest on findManufacturerByIDTest(com.qa.rest.ManufacturerControllerUnitTest)" time="0.025" classname="com.qa.rest.ManufacturerControllerUnitTest"/>
  <testcase name="testCreateWindow on testCreateWindow(com.qa.rest.WindowControllerIntegrationTest)" time="2.938" classname="com.qa.rest.WindowControllerIntegrationTest"/>
  <testcase name="testGetAllWindows on testGetAllWindows(com.qa.rest.WindowControllerIntegrationTest)" time="6.396" classname="com.qa.rest.WindowControllerIntegrationTest"/>
  <testcase name="testUpdateWindow on testUpdateWindow(com.qa.rest.WindowControllerIntegrationTest)" time="10.171" classname="com.qa.rest.WindowControllerIntegrationTest"/>
  <testcase name="testDeleteWindow on testDeleteWindow(com.qa.rest.WindowControllerIntegrationTest)" time="14.776" classname="com.qa.rest.WindowControllerIntegrationTest"/>
  <testcase name="testGetWindow on testGetWindow(com.qa.rest.WindowControllerIntegrationTest)" time="17.914" classname="com.qa.rest.WindowControllerIntegrationTest"/>
  <testcase name="findWindowByIDTest on findWindowByIDTest(com.qa.rest.WindowControllerUnitTest)" time="0.021" classname="com.qa.rest.WindowControllerUnitTest"/>
  <testcase name="createWindowTest on createWindowTest(com.qa.rest.WindowControllerUnitTest)" time="0.023" classname="com.qa.rest.WindowControllerUnitTest"/>
  <testcase name="deleteWindowTest on deleteWindowTest(com.qa.rest.WindowControllerUnitTest)" time="0.024" classname="com.qa.rest.WindowControllerUnitTest"/>
  <testcase name="updateWindowsTest on updateWindowsTest(com.qa.rest.WindowControllerUnitTest)" time="0.026" classname="com.qa.rest.WindowControllerUnitTest"/>
  <testcase name="getAllWindowsTest on getAllWindowsTest(com.qa.rest.WindowControllerUnitTest)" time="0.028" classname="com.qa.rest.WindowControllerUnitTest"/>
  <testcase name="testFindDoorByID on testFindDoorByID(com.qa.service.DoorServiceIntegrationTest)" time="17.394" classname="com.qa.service.DoorServiceIntegrationTest"/>
  <testcase name="testUpdateDoor on testUpdateDoor(com.qa.service.DoorServiceIntegrationTest)" time="21.377" classname="com.qa.service.DoorServiceIntegrationTest"/>
  <testcase name="testReadDoors on testReadDoors(com.qa.service.DoorServiceIntegrationTest)" time="24.834" classname="com.qa.service.DoorServiceIntegrationTest"/>
  <testcase name="testCreateDoor on testCreateDoor(com.qa.service.DoorServiceIntegrationTest)" time="27.964" classname="com.qa.service.DoorServiceIntegrationTest"/>
  <testcase name="testDeleteDoor on testDeleteDoor(com.qa.service.DoorServiceIntegrationTest)" time="32.582" classname="com.qa.service.DoorServiceIntegrationTest"/>
  <testcase name="findDoorByIDTest on findDoorByIDTest(com.qa.service.DoorServiceUnitTest)" time="0.124" classname="com.qa.service.DoorServiceUnitTest"/>
  <testcase name="deleteDoorTest on deleteDoorTest(com.qa.service.DoorServiceUnitTest)" time="0.127" classname="com.qa.service.DoorServiceUnitTest"/>
  <testcase name="updateDoorsTest on updateDoorsTest(com.qa.service.DoorServiceUnitTest)" time="0.131" classname="com.qa.service.DoorServiceUnitTest"/>
  <testcase name="readDoorsTest on readDoorsTest(com.qa.service.DoorServiceUnitTest)" time="0.134" classname="com.qa.service.DoorServiceUnitTest"/>
  <testcase name="createDoorTest on createDoorTest(com.qa.service.DoorServiceUnitTest)" time="0.137" classname="com.qa.service.DoorServiceUnitTest"/>
  <testcase name="testFindLiftByID on testFindLiftByID(com.qa.service.LiftServiceIntegrationTest)" time="3.514" classname="com.qa.service.LiftServiceIntegrationTest"/>
  <testcase name="testUpdateLift on testUpdateLift(com.qa.service.LiftServiceIntegrationTest)" time="7.523" classname="com.qa.service.LiftServiceIntegrationTest"/>
  <testcase name="testReadLifts on testReadLifts(com.qa.service.LiftServiceIntegrationTest)" time="11.06" classname="com.qa.service.LiftServiceIntegrationTest"/>
  <testcase name="testCreateLift on testCreateLift(com.qa.service.LiftServiceIntegrationTest)" time="14.224" classname="com.qa.service.LiftServiceIntegrationTest"/>
  <testcase name="testDeleteLift on testDeleteLift(com.qa.service.LiftServiceIntegrationTest)" time="18.886" classname="com.qa.service.LiftServiceIntegrationTest"/>
  <testcase name="readLiftsTest on readLiftsTest(com.qa.service.LiftServiceUnitTest)" time="0.027" classname="com.qa.service.LiftServiceUnitTest"/>
  <testcase name="deleteLiftTest on deleteLiftTest(com.qa.service.LiftServiceUnitTest)" time="0.031" classname="com.qa.service.LiftServiceUnitTest"/>
  <testcase name="findLiftByIDTest on findLiftByIDTest(com.qa.service.LiftServiceUnitTest)" time="0.034" classname="com.qa.service.LiftServiceUnitTest"/>
  <testcase name="updateLiftsTest on updateLiftsTest(com.qa.service.LiftServiceUnitTest)" time="0.039" classname="com.qa.service.LiftServiceUnitTest"/>
  <testcase name="createLiftTest on createLiftTest(com.qa.service.LiftServiceUnitTest)" time="0.043" classname="com.qa.service.LiftServiceUnitTest"/>
  <testcase name="testDeleteManufacturer on testDeleteManufacturer(com.qa.service.ManufacturerServiceIntegrationTest)" time="7.083" classname="com.qa.service.ManufacturerServiceIntegrationTest"/>
  <testcase name="createManufacturerTest on createManufacturerTest(com.qa.service.ManufacturerServiceUnitTest)" time="0.029" classname="com.qa.service.ManufacturerServiceUnitTest"/>
  <testcase name="updateManufacturersTest on updateManufacturersTest(com.qa.service.ManufacturerServiceUnitTest)" time="0.035" classname="com.qa.service.ManufacturerServiceUnitTest"/>
  <testcase name="deleteManufacturerTest on deleteManufacturerTest(com.qa.service.ManufacturerServiceUnitTest)" time="0.04" classname="com.qa.service.ManufacturerServiceUnitTest"/>
  <testcase name="readManufacturersTest on readManufacturersTest(com.qa.service.ManufacturerServiceUnitTest)" time="0.045" classname="com.qa.service.ManufacturerServiceUnitTest"/>
  <testcase name="findManufacturerByIDTest on findManufacturerByIDTest(com.qa.service.ManufacturerServiceUnitTest)" time="0.05" classname="com.qa.service.ManufacturerServiceUnitTest"/>
  <testcase name="testCreateWindow on testCreateWindow(com.qa.service.WindowServiceIntegrationTest)" time="2.969" classname="com.qa.service.WindowServiceIntegrationTest"/>
  <testcase name="testFindWindowByID on testFindWindowByID(com.qa.service.WindowServiceIntegrationTest)" time="6.362" classname="com.qa.service.WindowServiceIntegrationTest"/>
  <testcase name="testReadWindows on testReadWindows(com.qa.service.WindowServiceIntegrationTest)" time="9.91" classname="com.qa.service.WindowServiceIntegrationTest"/>
  <testcase name="testUpdateWindow on testUpdateWindow(com.qa.service.WindowServiceIntegrationTest)" time="13.961" classname="com.qa.service.WindowServiceIntegrationTest"/>
  <testcase name="testDeleteWindow on testDeleteWindow(com.qa.service.WindowServiceIntegrationTest)" time="18.646" classname="com.qa.service.WindowServiceIntegrationTest"/>
  <testcase name="findWindowByIDTest on findWindowByIDTest(com.qa.service.WindowServiceUnitTest)" time="0.035" classname="com.qa.service.WindowServiceUnitTest"/>
  <testcase name="createWindowTest on createWindowTest(com.qa.service.WindowServiceUnitTest)" time="0.039" classname="com.qa.service.WindowServiceUnitTest"/>
  <testcase name="deleteWindowTest on deleteWindowTest(com.qa.service.WindowServiceUnitTest)" time="0.043" classname="com.qa.service.WindowServiceUnitTest"/>
  <testcase name="updateWindowsTest on updateWindowsTest(com.qa.service.WindowServiceUnitTest)" time="0.047" classname="com.qa.service.WindowServiceUnitTest"/>
  <testcase name="readWindowsTest on readWindowsTest(com.qa.service.WindowServiceUnitTest)" time="0.05" classname="com.qa.service.WindowServiceUnitTest"/>
</testsuite> <!-- Surefire test -->
