<?xml version="1.0" encoding="UTF-8"?>
<testng-results skipped="0" failed="0" ignored="0" total="4" passed="4">
  <reporter-output>
  </reporter-output>
  <suite name="Surefire suite" duration-ms="80602" started-at="2020-05-20T11:17:13Z" finished-at="2020-05-20T11:18:33Z">
    <groups>
    </groups>
    <test name="Surefire test" duration-ms="80602" started-at="2020-05-20T11:17:13Z" finished-at="2020-05-20T11:18:33Z">
      <class name="com.qa.selenium.AppTest">
        <test-method status="PASS" signature="startReport()[pri:0, instance:com.qa.selenium.AppTest@4d1f1ff5]" name="startReport" is-config="true" duration-ms="19862" started-at="2020-05-20T12:17:13Z" finished-at="2020-05-20T12:17:32Z">
          <reporter-output>
          </reporter-output>
        </test-method> <!-- startReport -->
        <test-method status="PASS" signature="setUp()[pri:0, instance:com.qa.selenium.AppTest@4d1f1ff5]" name="setUp" is-config="true" duration-ms="3603" started-at="2020-05-20T12:17:32Z" finished-at="2020-05-20T12:17:36Z">
          <reporter-output>
          </reporter-output>
        </test-method> <!-- setUp -->
        <test-method status="PASS" signature="deleteLift()[pri:0, instance:com.qa.selenium.AppTest@4d1f1ff5]" name="deleteLift" duration-ms="10773" started-at="2020-05-20T12:17:36Z" finished-at="2020-05-20T12:17:47Z">
          <reporter-output>
          </reporter-output>
        </test-method> <!-- deleteLift -->
        <test-method status="PASS" signature="getResult(org.testng.ITestResult)[pri:0, instance:com.qa.selenium.AppTest@4d1f1ff5]" name="getResult" is-config="true" duration-ms="40" started-at="2020-05-20T12:17:47Z" finished-at="2020-05-20T12:17:47Z">
          <params>
            <param index="0">
              <value>
                <![CDATA[[TestResult name=deleteLift status=SUCCESS method=AppTest.deleteLift()[pri:0, instance:com.qa.selenium.AppTest@4d1f1ff5] output={null}]]]>
              </value>
            </param>
          </params>
          <reporter-output>
          </reporter-output>
        </test-method> <!-- getResult -->
        <test-method status="PASS" signature="setUp()[pri:0, instance:com.qa.selenium.AppTest@4d1f1ff5]" name="setUp" is-config="true" duration-ms="3043" started-at="2020-05-20T12:17:47Z" finished-at="2020-05-20T12:17:50Z">
          <reporter-output>
          </reporter-output>
        </test-method> <!-- setUp -->
        <test-method status="PASS" signature="registerAndCreateDoorAndViewWindow()[pri:0, instance:com.qa.selenium.AppTest@4d1f1ff5]" name="registerAndCreateDoorAndViewWindow" duration-ms="18626" started-at="2020-05-20T12:17:50Z" finished-at="2020-05-20T12:18:09Z">
          <reporter-output>
          </reporter-output>
        </test-method> <!-- registerAndCreateDoorAndViewWindow -->
        <test-method status="PASS" signature="getResult(org.testng.ITestResult)[pri:0, instance:com.qa.selenium.AppTest@4d1f1ff5]" name="getResult" is-config="true" duration-ms="40" started-at="2020-05-20T12:18:09Z" finished-at="2020-05-20T12:18:09Z">
          <params>
            <param index="0">
              <value>
                <![CDATA[[TestResult name=registerAndCreateDoorAndViewWindow status=SUCCESS method=AppTest.registerAndCreateDoorAndViewWindow()[pri:0, instance:com.qa.selenium.AppTest@4d1f1ff5] output={null}]]]>
              </value>
            </param>
          </params>
          <reporter-output>
          </reporter-output>
        </test-method> <!-- getResult -->
        <test-method status="PASS" signature="setUp()[pri:0, instance:com.qa.selenium.AppTest@4d1f1ff5]" name="setUp" is-config="true" duration-ms="3036" started-at="2020-05-20T12:18:09Z" finished-at="2020-05-20T12:18:12Z">
          <reporter-output>
          </reporter-output>
        </test-method> <!-- setUp -->
        <test-method status="PASS" signature="testRevitTitle()[pri:0, instance:com.qa.selenium.AppTest@4d1f1ff5]" name="testRevitTitle" duration-ms="2390" started-at="2020-05-20T12:18:12Z" finished-at="2020-05-20T12:18:14Z">
          <reporter-output>
          </reporter-output>
        </test-method> <!-- testRevitTitle -->
        <test-method status="PASS" signature="getResult(org.testng.ITestResult)[pri:0, instance:com.qa.selenium.AppTest@4d1f1ff5]" name="getResult" is-config="true" duration-ms="4117" started-at="2020-05-20T12:18:14Z" finished-at="2020-05-20T12:18:18Z">
          <params>
            <param index="0">
              <value>
                <![CDATA[[TestResult name=testRevitTitle status=SUCCESS method=AppTest.testRevitTitle()[pri:0, instance:com.qa.selenium.AppTest@4d1f1ff5] output={null}]]]>
              </value>
            </param>
          </params>
          <reporter-output>
          </reporter-output>
        </test-method> <!-- getResult -->
        <test-method status="PASS" signature="setUp()[pri:0, instance:com.qa.selenium.AppTest@4d1f1ff5]" name="setUp" is-config="true" duration-ms="3093" started-at="2020-05-20T12:18:18Z" finished-at="2020-05-20T12:18:21Z">
          <reporter-output>
          </reporter-output>
        </test-method> <!-- setUp -->
        <test-method status="PASS" signature="updateWindow()[pri:0, instance:com.qa.selenium.AppTest@4d1f1ff5]" name="updateWindow" duration-ms="11462" started-at="2020-05-20T12:18:21Z" finished-at="2020-05-20T12:18:33Z">
          <reporter-output>
          </reporter-output>
        </test-method> <!-- updateWindow -->
        <test-method status="PASS" signature="getResult(org.testng.ITestResult)[pri:0, instance:com.qa.selenium.AppTest@4d1f1ff5]" name="getResult" is-config="true" duration-ms="35" started-at="2020-05-20T12:18:33Z" finished-at="2020-05-20T12:18:33Z">
          <params>
            <param index="0">
              <value>
                <![CDATA[[TestResult name=updateWindow status=SUCCESS method=AppTest.updateWindow()[pri:0, instance:com.qa.selenium.AppTest@4d1f1ff5] output={null}]]]>
              </value>
            </param>
          </params>
          <reporter-output>
          </reporter-output>
        </test-method> <!-- getResult -->
        <test-method status="PASS" signature="endReport()[pri:0, instance:com.qa.selenium.AppTest@4d1f1ff5]" name="endReport" is-config="true" duration-ms="461" started-at="2020-05-20T12:18:33Z" finished-at="2020-05-20T12:18:33Z">
          <reporter-output>
          </reporter-output>
        </test-method> <!-- endReport -->
      </class> <!-- com.qa.selenium.AppTest -->
    </test> <!-- Surefire test -->
  </suite> <!-- Surefire suite -->
</testng-results>
