<?xml version="1.0" encoding="UTF-8"?>
<!-- Generated by org.testng.reporters.JUnitXMLReporter -->
<testsuite hostname="DESKTOP-JIC27MP" ignored="0" name="Surefire test" tests="4" failures="0" timestamp="20 May 2020 11:18:33 GMT" time="80.602" errors="0">
  <testcase name="deleteLift" time="10.773" classname="com.qa.selenium.AppTest"/>
  <testcase name="registerAndCreateDoorAndViewWindow" time="18.626" classname="com.qa.selenium.AppTest"/>
  <testcase name="testRevitTitle" time="2.39" classname="com.qa.selenium.AppTest"/>
  <testcase name="updateWindow" time="11.462" classname="com.qa.selenium.AppTest"/>
</testsuite> <!-- Surefire test -->
